Flow report for rc4
Tue Mar 21 17:08:16 2017
Quartus II 64-Bit Version 13.0.1 Build 232 06/12/2013 Service Pack 1 SJ Web Edition


---------------------
; Table of Contents ;
---------------------
  1. Legal Notice
  2. Flow Summary
  3. Flow Settings
  4. Flow Non-Default Global Settings
  5. Flow Elapsed Time
  6. Flow OS Summary
  7. Flow Log
  8. Flow Messages
  9. Flow Suppressed Messages



----------------
; Legal Notice ;
----------------
Copyright (C) 1991-2013 Altera Corporation
Your use of Altera Corporation's design tools, logic functions 
and other software and tools, and its AMPP partner logic 
functions, and any output files from any of the foregoing 
(including device programming or simulation files), and any 
associated documentation or information are expressly subject 
to the terms and conditions of the Altera Program License 
Subscription Agreement, Altera MegaCore Function License 
Agreement, or other applicable license agreement, including, 
without limitation, that your use is for the sole purpose of 
programming logic devices manufactured by Altera and sold by 
Altera or its authorized distributors.  Please refer to the 
applicable agreement for further details.



+--------------------------------------------------------------------------------------+
; Flow Summary                                                                         ;
+------------------------------------+-------------------------------------------------+
; Flow Status                        ; Successful - Tue Mar 21 17:08:16 2017           ;
; Quartus II 64-Bit Version          ; 13.0.1 Build 232 06/12/2013 SP 1 SJ Web Edition ;
; Revision Name                      ; rc4                                             ;
; Top-level Entity Name              ; ksa                                             ;
; Family                             ; Cyclone II                                      ;
; Device                             ; EP2C35F672C6                                    ;
; Timing Models                      ; Final                                           ;
; Total logic elements               ; 2,641 / 33,216 ( 8 % )                          ;
;     Total combinational functions  ; 2,571 / 33,216 ( 8 % )                          ;
;     Dedicated logic registers      ; 1,065 / 33,216 ( 3 % )                          ;
; Total registers                    ; 1065                                            ;
; Total pins                         ; 93 / 475 ( 20 % )                               ;
; Total virtual pins                 ; 0                                               ;
; Total memory bits                  ; 20,480 / 483,840 ( 4 % )                        ;
; Embedded Multiplier 9-bit elements ; 0 / 70 ( 0 % )                                  ;
; Total PLLs                         ; 0 / 4 ( 0 % )                                   ;
+------------------------------------+-------------------------------------------------+


+-----------------------------------------+
; Flow Settings                           ;
+-------------------+---------------------+
; Option            ; Setting             ;
+-------------------+---------------------+
; Start date & time ; 03/21/2017 17:07:04 ;
; Main task         ; Compilation         ;
; Revision Name     ; rc4                 ;
+-------------------+---------------------+


+----------------------------------------------------------------------------------------------------------------------------------------------------------------------------------------------------------------+
; Flow Non-Default Global Settings                                                                                                                                                                               ;
+--------------------------------------+---------------------------------------------------------------------------------------------------------+--------------------------------+-------------+----------------+
; Assignment Name                      ; Value                                                                                                   ; Default Value                  ; Entity Name ; Section Id     ;
+--------------------------------------+---------------------------------------------------------------------------------------------------------+--------------------------------+-------------+----------------+
; ALLOW_POWER_UP_DONT_CARE             ; Off                                                                                                     ; On                             ; --          ; --             ;
; AUTO_RAM_RECOGNITION                 ; Off                                                                                                     ; On                             ; --          ; --             ;
; AUTO_ROM_RECOGNITION                 ; Off                                                                                                     ; On                             ; --          ; --             ;
; COMPILER_SIGNATURE_ID                ; 13795393179595.149014122308644                                                                          ; --                             ; --          ; --             ;
; EDA_GENERATE_FUNCTIONAL_NETLIST      ; On                                                                                                      ; --                             ; --          ; eda_simulation ;
; EDA_OUTPUT_DATA_FORMAT               ; Verilog Hdl                                                                                             ; --                             ; --          ; eda_simulation ;
; EDA_SIMULATION_TOOL                  ; ModelSim-Altera (Verilog)                                                                               ; <None>                         ; --          ; --             ;
; ENABLE_SIGNALTAP                     ; Off                                                                                                     ; --                             ; --          ; --             ;
; EXTRACT_VERILOG_STATE_MACHINES       ; Off                                                                                                     ; On                             ; --          ; --             ;
; EXTRACT_VHDL_STATE_MACHINES          ; Off                                                                                                     ; On                             ; --          ; --             ;
; FITTER_EFFORT                        ; Standard Fit                                                                                            ; Auto Fit                       ; --          ; --             ;
; IP_TOOL_NAME                         ; RAM: 1-PORT                                                                                             ; --                             ; --          ; --             ;
; IP_TOOL_NAME                         ; RAM: 1-PORT                                                                                             ; --                             ; --          ; --             ;
; IP_TOOL_NAME                         ; ROM: 1-PORT                                                                                             ; --                             ; --          ; --             ;
; IP_TOOL_VERSION                      ; 13.0                                                                                                    ; --                             ; --          ; --             ;
; IP_TOOL_VERSION                      ; 13.0                                                                                                    ; --                             ; --          ; --             ;
; IP_TOOL_VERSION                      ; 13.0                                                                                                    ; --                             ; --          ; --             ;
; MAX_CORE_JUNCTION_TEMP               ; 85                                                                                                      ; --                             ; --          ; --             ;
; MIN_CORE_JUNCTION_TEMP               ; 0                                                                                                       ; --                             ; --          ; --             ;
; MISC_FILE                            ; s_memory_bb.v                                                                                           ; --                             ; --          ; --             ;
; MISC_FILE                            ; d_memory_bb.v                                                                                           ; --                             ; --          ; --             ;
; MISC_FILE                            ; e_memory_bb.v                                                                                           ; --                             ; --          ; --             ;
; OPTIMIZE_HOLD_TIMING                 ; All Paths                                                                                               ; IO Paths and Minimum TPD Paths ; --          ; --             ;
; OPTIMIZE_POWER_DURING_FITTING        ; Off                                                                                                     ; Normal compilation             ; --          ; --             ;
; PARTITION_COLOR                      ; 16764057                                                                                                ; --                             ; ksa         ; Top            ;
; PARTITION_FITTER_PRESERVATION_LEVEL  ; PLACEMENT_AND_ROUTING                                                                                   ; --                             ; ksa         ; Top            ;
; PARTITION_NETLIST_TYPE               ; SOURCE                                                                                                  ; --                             ; ksa         ; Top            ;
; PHYSICAL_SYNTHESIS_EFFORT            ; Fast                                                                                                    ; Normal                         ; --          ; --             ;
; PHYSICAL_SYNTHESIS_REGISTER_RETIMING ; On                                                                                                      ; Off                            ; --          ; --             ;
; POWER_BOARD_THERMAL_MODEL            ; None (CONSERVATIVE)                                                                                     ; --                             ; --          ; --             ;
; POWER_PRESET_COOLING_SOLUTION        ; 23 MM HEAT SINK WITH 200 LFPM AIRFLOW                                                                   ; --                             ; --          ; --             ;
; PROJECT_OUTPUT_DIRECTORY             ; output_files                                                                                            ; --                             ; --          ; --             ;
; SLD_FILE                             ; C:/Users/Sammie J/Documents/CPEN 311/Lab4_template_de2/template_de2/output_files/stp1_auto_stripped.stp ; --                             ; --          ; --             ;
; SYNTH_TIMING_DRIVEN_SYNTHESIS        ; On                                                                                                      ; Off                            ; --          ; --             ;
; TOP_LEVEL_ENTITY                     ; ksa                                                                                                     ; rc4                            ; --          ; --             ;
; USE_SIGNALTAP_FILE                   ; output_files/stp1.stp                                                                                   ; --                             ; --          ; --             ;
; VERILOG_NON_CONSTANT_LOOP_LIMIT      ; 5000                                                                                                    ; 250                            ; --          ; --             ;
+--------------------------------------+---------------------------------------------------------------------------------------------------------+--------------------------------+-------------+----------------+


+-------------------------------------------------------------------------------------------------------------------------------+
; Flow Elapsed Time                                                                                                             ;
+---------------------------+--------------+-------------------------+---------------------+------------------------------------+
; Module Name               ; Elapsed Time ; Average Processors Used ; Peak Virtual Memory ; Total CPU Time (on all processors) ;
+---------------------------+--------------+-------------------------+---------------------+------------------------------------+
; Analysis & Synthesis      ; 00:00:23     ; 1.0                     ; 548 MB              ; 00:00:19                           ;
; Fitter                    ; 00:00:32     ; 1.0                     ; 702 MB              ; 00:00:31                           ;
; Assembler                 ; 00:00:04     ; 1.0                     ; 441 MB              ; 00:00:04                           ;
; TimeQuest Timing Analyzer ; 00:00:03     ; 1.0                     ; 442 MB              ; 00:00:02                           ;
; EDA Netlist Writer        ; 00:00:02     ; 1.0                     ; 407 MB              ; 00:00:02                           ;
; Total                     ; 00:01:04     ; --                      ; --                  ; 00:00:58                           ;
+---------------------------+--------------+-------------------------+---------------------+------------------------------------+


+----------------------------------------------------------------------------------------+
; Flow OS Summary                                                                        ;
+---------------------------+------------------+-----------+------------+----------------+
; Module Name               ; Machine Hostname ; OS Name   ; OS Version ; Processor type ;
+---------------------------+------------------+-----------+------------+----------------+
; Analysis & Synthesis      ; cakebaby         ; Windows 7 ; 6.2        ; x86_64         ;
; Fitter                    ; cakebaby         ; Windows 7 ; 6.2        ; x86_64         ;
; Assembler                 ; cakebaby         ; Windows 7 ; 6.2        ; x86_64         ;
; TimeQuest Timing Analyzer ; cakebaby         ; Windows 7 ; 6.2        ; x86_64         ;
; EDA Netlist Writer        ; cakebaby         ; Windows 7 ; 6.2        ; x86_64         ;
+---------------------------+------------------+-----------+------------+----------------+


------------
; Flow Log ;
------------
quartus_map --read_settings_files=on --write_settings_files=off rc4 -c rc4
quartus_fit --read_settings_files=off --write_settings_files=off rc4 -c rc4
quartus_asm --read_settings_files=off --write_settings_files=off rc4 -c rc4
quartus_sta rc4 -c rc4
quartus_eda --read_settings_files=off --write_settings_files=off rc4 -c rc4



