Flow report for dds_and_nios_lab
Tue Apr 04 18:36:00 2017
Quartus II 64-Bit Version 13.0.1 Build 232 06/12/2013 Service Pack 1 SJ Web Edition


---------------------
; Table of Contents ;
---------------------
  1. Legal Notice
  2. Flow Summary
  3. Flow Settings
  4. Flow Non-Default Global Settings
  5. Flow Elapsed Time
  6. Flow OS Summary
  7. Flow Log
  8. Flow Messages
  9. Flow Suppressed Messages



----------------
; Legal Notice ;
----------------
Copyright (C) 1991-2013 Altera Corporation
Your use of Altera Corporation's design tools, logic functions 
and other software and tools, and its AMPP partner logic 
functions, and any output files from any of the foregoing 
(including device programming or simulation files), and any 
associated documentation or information are expressly subject 
to the terms and conditions of the Altera Program License 
Subscription Agreement, Altera MegaCore Function License 
Agreement, or other applicable license agreement, including, 
without limitation, that your use is for the sole purpose of 
programming logic devices manufactured by Altera and sold by 
Altera or its authorized distributors.  Please refer to the 
applicable agreement for further details.



+--------------------------------------------------------------------------------------+
; Flow Summary                                                                         ;
+------------------------------------+-------------------------------------------------+
; Flow Status                        ; Successful - Tue Apr 04 18:35:47 2017           ;
; Quartus II 64-Bit Version          ; 13.0.1 Build 232 06/12/2013 SP 1 SJ Web Edition ;
; Revision Name                      ; dds_and_nios_lab                                ;
; Top-level Entity Name              ; dds_and_nios_lab                                ;
; Family                             ; Cyclone II                                      ;
; Device                             ; EP2C35F672C6                                    ;
; Timing Models                      ; Final                                           ;
; Total logic elements               ; 17,411 / 33,216 ( 52 % )                        ;
;     Total combinational functions  ; 15,169 / 33,216 ( 46 % )                        ;
;     Dedicated logic registers      ; 8,172 / 33,216 ( 25 % )                         ;
; Total registers                    ; 8240                                            ;
; Total pins                         ; 355 / 475 ( 75 % )                              ;
; Total virtual pins                 ; 0                                               ;
; Total memory bits                  ; 83,410 / 483,840 ( 17 % )                       ;
; Embedded Multiplier 9-bit elements ; 4 / 70 ( 6 % )                                  ;
; Total PLLs                         ; 1 / 4 ( 25 % )                                  ;
+------------------------------------+-------------------------------------------------+


+-----------------------------------------+
; Flow Settings                           ;
+-------------------+---------------------+
; Option            ; Setting             ;
+-------------------+---------------------+
; Start date & time ; 04/04/2017 18:25:19 ;
; Main task         ; Compilation         ;
; Revision Name     ; dds_and_nios_lab    ;
+-------------------+---------------------+


+------------------------------------------------------------------------------------------------------------------------------------------------------------------------------------------------------------------+
; Flow Non-Default Global Settings                                                                                                                                                                                 ;
+---------------------------------------+-----------------------------------------------------------------------------+--------------------------------+------------------------------------------+----------------+
; Assignment Name                       ; Value                                                                       ; Default Value                  ; Entity Name                              ; Section Id     ;
+---------------------------------------+-----------------------------------------------------------------------------+--------------------------------+------------------------------------------+----------------+
; ALLOW_POWER_UP_DONT_CARE              ; Off                                                                         ; On                             ; --                                       ; --             ;
; AUTO_CLOCK_ENABLE_RECOGNITION         ; Off                                                                         ; On                             ; --                                       ; --             ;
; AUTO_RAM_RECOGNITION                  ; Off                                                                         ; On                             ; --                                       ; --             ;
; AUTO_ROM_RECOGNITION                  ; Off                                                                         ; On                             ; --                                       ; --             ;
; COMPILER_SIGNATURE_ID                 ; 13795393179595.149135551713848                                              ; --                             ; --                                       ; --             ;
; DRC_DETAIL_MESSAGE_LIMIT              ; 3000                                                                        ; 10                             ; --                                       ; --             ;
; DRC_VIOLATION_MESSAGE_LIMIT           ; 3000                                                                        ; 30                             ; --                                       ; --             ;
; EDA_OUTPUT_DATA_FORMAT                ; None                                                                        ; --                             ; --                                       ; eda_simulation ;
; ENABLE_IP_DEBUG                       ; On                                                                          ; Off                            ; --                                       ; --             ;
; ENABLE_SIGNALTAP                      ; Off                                                                         ; --                             ; --                                       ; --             ;
; EXTRACT_VERILOG_STATE_MACHINES        ; Off                                                                         ; On                             ; --                                       ; --             ;
; EXTRACT_VHDL_STATE_MACHINES           ; Off                                                                         ; On                             ; --                                       ; --             ;
; FITTER_EFFORT                         ; Standard Fit                                                                ; Auto Fit                       ; --                                       ; --             ;
; FIT_ONLY_ONE_ATTEMPT                  ; On                                                                          ; Off                            ; --                                       ; --             ;
; FLOW_ENABLE_IO_ASSIGNMENT_ANALYSIS    ; On                                                                          ; Off                            ; --                                       ; --             ;
; FLOW_ENABLE_RTL_VIEWER                ; On                                                                          ; Off                            ; --                                       ; --             ;
; IP_TOOL_ENV                           ; Qsys                                                                        ; --                             ; DE2_QSYS                                 ; --             ;
; IP_TOOL_ENV                           ; Qsys                                                                        ; --                             ; DE2_QSYS_addr_router                     ; --             ;
; IP_TOOL_ENV                           ; Qsys                                                                        ; --                             ; DE2_QSYS_addr_router_001                 ; --             ;
; IP_TOOL_ENV                           ; Qsys                                                                        ; --                             ; DE2_QSYS_addr_router_002                 ; --             ;
; IP_TOOL_ENV                           ; Qsys                                                                        ; --                             ; DE2_QSYS_audio_EMPTY                     ; --             ;
; IP_TOOL_ENV                           ; Qsys                                                                        ; --                             ; DE2_QSYS_audio_fifo_used                 ; --             ;
; IP_TOOL_ENV                           ; Qsys                                                                        ; --                             ; DE2_QSYS_audio_sel                       ; --             ;
; IP_TOOL_ENV                           ; Qsys                                                                        ; --                             ; DE2_QSYS_cmd_xbar_demux                  ; --             ;
; IP_TOOL_ENV                           ; Qsys                                                                        ; --                             ; DE2_QSYS_cmd_xbar_demux_001              ; --             ;
; IP_TOOL_ENV                           ; Qsys                                                                        ; --                             ; DE2_QSYS_cmd_xbar_demux_002              ; --             ;
; IP_TOOL_ENV                           ; Qsys                                                                        ; --                             ; DE2_QSYS_cmd_xbar_mux_006                ; --             ;
; IP_TOOL_ENV                           ; Qsys                                                                        ; --                             ; DE2_QSYS_cmd_xbar_mux_021                ; --             ;
; IP_TOOL_ENV                           ; Qsys                                                                        ; --                             ; DE2_QSYS_cpu                             ; --             ;
; IP_TOOL_ENV                           ; Qsys                                                                        ; --                             ; DE2_QSYS_div_freq                        ; --             ;
; IP_TOOL_ENV                           ; Qsys                                                                        ; --                             ; DE2_QSYS_id_router                       ; --             ;
; IP_TOOL_ENV                           ; Qsys                                                                        ; --                             ; DE2_QSYS_id_router_006                   ; --             ;
; IP_TOOL_ENV                           ; Qsys                                                                        ; --                             ; DE2_QSYS_id_router_021                   ; --             ;
; IP_TOOL_ENV                           ; Qsys                                                                        ; --                             ; DE2_QSYS_irq_mapper                      ; --             ;
; IP_TOOL_ENV                           ; Qsys                                                                        ; --                             ; DE2_QSYS_jtag_uart                       ; --             ;
; IP_TOOL_ENV                           ; Qsys                                                                        ; --                             ; DE2_QSYS_key                             ; --             ;
; IP_TOOL_ENV                           ; Qsys                                                                        ; --                             ; DE2_QSYS_keyboard_keys                   ; --             ;
; IP_TOOL_ENV                           ; Qsys                                                                        ; --                             ; DE2_QSYS_lfsr_clk_interrupt_gen          ; --             ;
; IP_TOOL_ENV                           ; Qsys                                                                        ; --                             ; DE2_QSYS_lfsr_val                        ; --             ;
; IP_TOOL_ENV                           ; Qsys                                                                        ; --                             ; DE2_QSYS_modulation_selector             ; --             ;
; IP_TOOL_ENV                           ; Qsys                                                                        ; --                             ; DE2_QSYS_mouse_pos                       ; --             ;
; IP_TOOL_ENV                           ; Qsys                                                                        ; --                             ; DE2_QSYS_rsp_xbar_demux_021              ; --             ;
; IP_TOOL_ENV                           ; Qsys                                                                        ; --                             ; DE2_QSYS_rsp_xbar_mux                    ; --             ;
; IP_TOOL_ENV                           ; Qsys                                                                        ; --                             ; DE2_QSYS_rsp_xbar_mux_002                ; --             ;
; IP_TOOL_ENV                           ; Qsys                                                                        ; --                             ; DE2_QSYS_sdram                           ; --             ;
; IP_TOOL_ENV                           ; Qsys                                                                        ; --                             ; DE2_QSYS_signal_selector                 ; --             ;
; IP_TOOL_ENV                           ; Qsys                                                                        ; --                             ; DE2_QSYS_sysid_qsys                      ; --             ;
; IP_TOOL_ENV                           ; Qsys                                                                        ; --                             ; DE2_QSYS_timer                           ; --             ;
; IP_TOOL_ENV                           ; Qsys                                                                        ; --                             ; alt_vipitc130_IS2Vid                     ; --             ;
; IP_TOOL_ENV                           ; Qsys                                                                        ; --                             ; alt_vipvfr130_vfr                        ; --             ;
; IP_TOOL_ENV                           ; Qsys                                                                        ; --                             ; altera_avalon_sc_fifo                    ; --             ;
; IP_TOOL_ENV                           ; Qsys                                                                        ; --                             ; altera_avalon_st_handshake_clock_crosser ; --             ;
; IP_TOOL_ENV                           ; Qsys                                                                        ; --                             ; altera_avalon_st_pipeline_stage          ; --             ;
; IP_TOOL_ENV                           ; Qsys                                                                        ; --                             ; altera_irq_clock_crosser                 ; --             ;
; IP_TOOL_ENV                           ; Qsys                                                                        ; --                             ; altera_merlin_burst_adapter              ; --             ;
; IP_TOOL_ENV                           ; Qsys                                                                        ; --                             ; altera_merlin_master_agent               ; --             ;
; IP_TOOL_ENV                           ; Qsys                                                                        ; --                             ; altera_merlin_master_translator          ; --             ;
; IP_TOOL_ENV                           ; Qsys                                                                        ; --                             ; altera_merlin_slave_agent                ; --             ;
; IP_TOOL_ENV                           ; Qsys                                                                        ; --                             ; altera_merlin_slave_translator           ; --             ;
; IP_TOOL_ENV                           ; Qsys                                                                        ; --                             ; altera_merlin_traffic_limiter            ; --             ;
; IP_TOOL_ENV                           ; Qsys                                                                        ; --                             ; altera_merlin_width_adapter              ; --             ;
; IP_TOOL_ENV                           ; Qsys                                                                        ; --                             ; altera_reset_controller                  ; --             ;
; IP_TOOL_NAME                          ; ALTPLL                                                                      ; --                             ; --                                       ; --             ;
; IP_TOOL_NAME                          ; Qsys                                                                        ; --                             ; DE2_QSYS                                 ; --             ;
; IP_TOOL_NAME                          ; altera_merlin_router                                                        ; --                             ; DE2_QSYS_addr_router                     ; --             ;
; IP_TOOL_NAME                          ; altera_merlin_router                                                        ; --                             ; DE2_QSYS_addr_router_001                 ; --             ;
; IP_TOOL_NAME                          ; altera_merlin_router                                                        ; --                             ; DE2_QSYS_addr_router_002                 ; --             ;
; IP_TOOL_NAME                          ; altera_avalon_pio                                                           ; --                             ; DE2_QSYS_audio_EMPTY                     ; --             ;
; IP_TOOL_NAME                          ; altera_avalon_pio                                                           ; --                             ; DE2_QSYS_audio_fifo_used                 ; --             ;
; IP_TOOL_NAME                          ; altera_avalon_pio                                                           ; --                             ; DE2_QSYS_audio_sel                       ; --             ;
; IP_TOOL_NAME                          ; altera_merlin_demultiplexer                                                 ; --                             ; DE2_QSYS_cmd_xbar_demux                  ; --             ;
; IP_TOOL_NAME                          ; altera_merlin_demultiplexer                                                 ; --                             ; DE2_QSYS_cmd_xbar_demux_001              ; --             ;
; IP_TOOL_NAME                          ; altera_merlin_demultiplexer                                                 ; --                             ; DE2_QSYS_cmd_xbar_demux_002              ; --             ;
; IP_TOOL_NAME                          ; altera_merlin_multiplexer                                                   ; --                             ; DE2_QSYS_cmd_xbar_mux_006                ; --             ;
; IP_TOOL_NAME                          ; altera_merlin_multiplexer                                                   ; --                             ; DE2_QSYS_cmd_xbar_mux_021                ; --             ;
; IP_TOOL_NAME                          ; altera_nios2_qsys                                                           ; --                             ; DE2_QSYS_cpu                             ; --             ;
; IP_TOOL_NAME                          ; altera_avalon_pio                                                           ; --                             ; DE2_QSYS_div_freq                        ; --             ;
; IP_TOOL_NAME                          ; altera_merlin_router                                                        ; --                             ; DE2_QSYS_id_router                       ; --             ;
; IP_TOOL_NAME                          ; altera_merlin_router                                                        ; --                             ; DE2_QSYS_id_router_006                   ; --             ;
; IP_TOOL_NAME                          ; altera_merlin_router                                                        ; --                             ; DE2_QSYS_id_router_021                   ; --             ;
; IP_TOOL_NAME                          ; altera_irq_mapper                                                           ; --                             ; DE2_QSYS_irq_mapper                      ; --             ;
; IP_TOOL_NAME                          ; altera_avalon_jtag_uart                                                     ; --                             ; DE2_QSYS_jtag_uart                       ; --             ;
; IP_TOOL_NAME                          ; altera_avalon_pio                                                           ; --                             ; DE2_QSYS_key                             ; --             ;
; IP_TOOL_NAME                          ; altera_avalon_pio                                                           ; --                             ; DE2_QSYS_keyboard_keys                   ; --             ;
; IP_TOOL_NAME                          ; altera_avalon_pio                                                           ; --                             ; DE2_QSYS_lfsr_clk_interrupt_gen          ; --             ;
; IP_TOOL_NAME                          ; altera_avalon_pio                                                           ; --                             ; DE2_QSYS_lfsr_val                        ; --             ;
; IP_TOOL_NAME                          ; altera_avalon_pio                                                           ; --                             ; DE2_QSYS_modulation_selector             ; --             ;
; IP_TOOL_NAME                          ; altera_avalon_pio                                                           ; --                             ; DE2_QSYS_mouse_pos                       ; --             ;
; IP_TOOL_NAME                          ; altera_merlin_demultiplexer                                                 ; --                             ; DE2_QSYS_rsp_xbar_demux_021              ; --             ;
; IP_TOOL_NAME                          ; altera_merlin_multiplexer                                                   ; --                             ; DE2_QSYS_rsp_xbar_mux                    ; --             ;
; IP_TOOL_NAME                          ; altera_merlin_multiplexer                                                   ; --                             ; DE2_QSYS_rsp_xbar_mux_002                ; --             ;
; IP_TOOL_NAME                          ; altera_avalon_new_sdram_controller                                          ; --                             ; DE2_QSYS_sdram                           ; --             ;
; IP_TOOL_NAME                          ; altera_avalon_pio                                                           ; --                             ; DE2_QSYS_signal_selector                 ; --             ;
; IP_TOOL_NAME                          ; altera_avalon_sysid_qsys                                                    ; --                             ; DE2_QSYS_sysid_qsys                      ; --             ;
; IP_TOOL_NAME                          ; altera_avalon_timer                                                         ; --                             ; DE2_QSYS_timer                           ; --             ;
; IP_TOOL_NAME                          ; alt_vip_itc                                                                 ; --                             ; alt_vipitc130_IS2Vid                     ; --             ;
; IP_TOOL_NAME                          ; alt_vip_vfr                                                                 ; --                             ; alt_vipvfr130_vfr                        ; --             ;
; IP_TOOL_NAME                          ; altera_avalon_sc_fifo                                                       ; --                             ; altera_avalon_sc_fifo                    ; --             ;
; IP_TOOL_NAME                          ; altera_avalon_st_handshake_clock_crosser                                    ; --                             ; altera_avalon_st_handshake_clock_crosser ; --             ;
; IP_TOOL_NAME                          ; altera_avalon_st_pipeline_stage                                             ; --                             ; altera_avalon_st_pipeline_stage          ; --             ;
; IP_TOOL_NAME                          ; altera_irq_clock_crosser                                                    ; --                             ; altera_irq_clock_crosser                 ; --             ;
; IP_TOOL_NAME                          ; altera_merlin_burst_adapter                                                 ; --                             ; altera_merlin_burst_adapter              ; --             ;
; IP_TOOL_NAME                          ; altera_merlin_master_agent                                                  ; --                             ; altera_merlin_master_agent               ; --             ;
; IP_TOOL_NAME                          ; altera_merlin_master_translator                                             ; --                             ; altera_merlin_master_translator          ; --             ;
; IP_TOOL_NAME                          ; altera_merlin_slave_agent                                                   ; --                             ; altera_merlin_slave_agent                ; --             ;
; IP_TOOL_NAME                          ; altera_merlin_slave_translator                                              ; --                             ; altera_merlin_slave_translator           ; --             ;
; IP_TOOL_NAME                          ; altera_merlin_traffic_limiter                                               ; --                             ; altera_merlin_traffic_limiter            ; --             ;
; IP_TOOL_NAME                          ; altera_merlin_width_adapter                                                 ; --                             ; altera_merlin_width_adapter              ; --             ;
; IP_TOOL_NAME                          ; altera_reset_controller                                                     ; --                             ; altera_reset_controller                  ; --             ;
; IP_TOOL_VERSION                       ; 13.0                                                                        ; --                             ; --                                       ; --             ;
; IP_TOOL_VERSION                       ; 13.0sp1                                                                     ; --                             ; DE2_QSYS                                 ; --             ;
; IP_TOOL_VERSION                       ; 13.0                                                                        ; --                             ; DE2_QSYS_addr_router                     ; --             ;
; IP_TOOL_VERSION                       ; 13.0                                                                        ; --                             ; DE2_QSYS_addr_router_001                 ; --             ;
; IP_TOOL_VERSION                       ; 13.0                                                                        ; --                             ; DE2_QSYS_addr_router_002                 ; --             ;
; IP_TOOL_VERSION                       ; 13.0.1.99.2                                                                 ; --                             ; DE2_QSYS_audio_EMPTY                     ; --             ;
; IP_TOOL_VERSION                       ; 13.0.1.99.2                                                                 ; --                             ; DE2_QSYS_audio_fifo_used                 ; --             ;
; IP_TOOL_VERSION                       ; 13.0.1.99.2                                                                 ; --                             ; DE2_QSYS_audio_sel                       ; --             ;
; IP_TOOL_VERSION                       ; 13.0                                                                        ; --                             ; DE2_QSYS_cmd_xbar_demux                  ; --             ;
; IP_TOOL_VERSION                       ; 13.0                                                                        ; --                             ; DE2_QSYS_cmd_xbar_demux_001              ; --             ;
; IP_TOOL_VERSION                       ; 13.0                                                                        ; --                             ; DE2_QSYS_cmd_xbar_demux_002              ; --             ;
; IP_TOOL_VERSION                       ; 13.0                                                                        ; --                             ; DE2_QSYS_cmd_xbar_mux_006                ; --             ;
; IP_TOOL_VERSION                       ; 13.0                                                                        ; --                             ; DE2_QSYS_cmd_xbar_mux_021                ; --             ;
; IP_TOOL_VERSION                       ; 13.0                                                                        ; --                             ; DE2_QSYS_cpu                             ; --             ;
; IP_TOOL_VERSION                       ; 13.0.1.99.2                                                                 ; --                             ; DE2_QSYS_div_freq                        ; --             ;
; IP_TOOL_VERSION                       ; 13.0                                                                        ; --                             ; DE2_QSYS_id_router                       ; --             ;
; IP_TOOL_VERSION                       ; 13.0                                                                        ; --                             ; DE2_QSYS_id_router_006                   ; --             ;
; IP_TOOL_VERSION                       ; 13.0                                                                        ; --                             ; DE2_QSYS_id_router_021                   ; --             ;
; IP_TOOL_VERSION                       ; 13.0                                                                        ; --                             ; DE2_QSYS_irq_mapper                      ; --             ;
; IP_TOOL_VERSION                       ; 13.0.1.99.2                                                                 ; --                             ; DE2_QSYS_jtag_uart                       ; --             ;
; IP_TOOL_VERSION                       ; 13.0.1.99.2                                                                 ; --                             ; DE2_QSYS_key                             ; --             ;
; IP_TOOL_VERSION                       ; 13.0.1.99.2                                                                 ; --                             ; DE2_QSYS_keyboard_keys                   ; --             ;
; IP_TOOL_VERSION                       ; 13.0.1.99.2                                                                 ; --                             ; DE2_QSYS_lfsr_clk_interrupt_gen          ; --             ;
; IP_TOOL_VERSION                       ; 13.0.1.99.2                                                                 ; --                             ; DE2_QSYS_lfsr_val                        ; --             ;
; IP_TOOL_VERSION                       ; 13.0.1.99.2                                                                 ; --                             ; DE2_QSYS_modulation_selector             ; --             ;
; IP_TOOL_VERSION                       ; 13.0.1.99.2                                                                 ; --                             ; DE2_QSYS_mouse_pos                       ; --             ;
; IP_TOOL_VERSION                       ; 13.0                                                                        ; --                             ; DE2_QSYS_rsp_xbar_demux_021              ; --             ;
; IP_TOOL_VERSION                       ; 13.0                                                                        ; --                             ; DE2_QSYS_rsp_xbar_mux                    ; --             ;
; IP_TOOL_VERSION                       ; 13.0                                                                        ; --                             ; DE2_QSYS_rsp_xbar_mux_002                ; --             ;
; IP_TOOL_VERSION                       ; 13.0.1.99.2                                                                 ; --                             ; DE2_QSYS_sdram                           ; --             ;
; IP_TOOL_VERSION                       ; 13.0.1.99.2                                                                 ; --                             ; DE2_QSYS_signal_selector                 ; --             ;
; IP_TOOL_VERSION                       ; 13.0                                                                        ; --                             ; DE2_QSYS_sysid_qsys                      ; --             ;
; IP_TOOL_VERSION                       ; 13.0.1.99.2                                                                 ; --                             ; DE2_QSYS_timer                           ; --             ;
; IP_TOOL_VERSION                       ; 13.0                                                                        ; --                             ; alt_vipitc130_IS2Vid                     ; --             ;
; IP_TOOL_VERSION                       ; 13.0                                                                        ; --                             ; alt_vipvfr130_vfr                        ; --             ;
; IP_TOOL_VERSION                       ; 13.0                                                                        ; --                             ; altera_avalon_sc_fifo                    ; --             ;
; IP_TOOL_VERSION                       ; 13.0                                                                        ; --                             ; altera_avalon_st_handshake_clock_crosser ; --             ;
; IP_TOOL_VERSION                       ; 13.0                                                                        ; --                             ; altera_avalon_st_pipeline_stage          ; --             ;
; IP_TOOL_VERSION                       ; 13.0                                                                        ; --                             ; altera_irq_clock_crosser                 ; --             ;
; IP_TOOL_VERSION                       ; 13.0                                                                        ; --                             ; altera_merlin_burst_adapter              ; --             ;
; IP_TOOL_VERSION                       ; 13.0                                                                        ; --                             ; altera_merlin_master_agent               ; --             ;
; IP_TOOL_VERSION                       ; 13.0                                                                        ; --                             ; altera_merlin_master_translator          ; --             ;
; IP_TOOL_VERSION                       ; 13.0                                                                        ; --                             ; altera_merlin_slave_agent                ; --             ;
; IP_TOOL_VERSION                       ; 13.0                                                                        ; --                             ; altera_merlin_slave_translator           ; --             ;
; IP_TOOL_VERSION                       ; 13.0                                                                        ; --                             ; altera_merlin_traffic_limiter            ; --             ;
; IP_TOOL_VERSION                       ; 13.0                                                                        ; --                             ; altera_merlin_width_adapter              ; --             ;
; IP_TOOL_VERSION                       ; 13.0                                                                        ; --                             ; altera_reset_controller                  ; --             ;
; MAX_CORE_JUNCTION_TEMP                ; 85                                                                          ; --                             ; --                                       ; --             ;
; MIN_CORE_JUNCTION_TEMP                ; 0                                                                           ; --                             ; --                                       ; --             ;
; MISC_FILE                             ; SDRAM_PLL.bsf                                                               ; --                             ; --                                       ; --             ;
; MISC_FILE                             ; SDRAM_PLL_inst.v                                                            ; --                             ; --                                       ; --             ;
; MISC_FILE                             ; SDRAM_PLL_bb.v                                                              ; --                             ; --                                       ; --             ;
; MISC_FILE                             ; SDRAM_PLL.inc                                                               ; --                             ; --                                       ; --             ;
; MISC_FILE                             ; SDRAM_PLL.cmp                                                               ; --                             ; --                                       ; --             ;
; MISC_FILE                             ; SDRAM_PLL.ppf                                                               ; --                             ; --                                       ; --             ;
; MISC_FILE                             ; DE2_QSYS/synthesis/../../DE2_QSYS.cmp                                       ; --                             ; --                                       ; --             ;
; MISC_FILE                             ; DE2_QSYS/synthesis/../../DE2_QSYS.qsys                                      ; --                             ; --                                       ; --             ;
; NUMBER_OF_INVERTED_REGISTERS_REPORTED ; 1000                                                                        ; 100                            ; --                                       ; --             ;
; OPTIMIZE_HOLD_TIMING                  ; All Paths                                                                   ; IO Paths and Minimum TPD Paths ; --                                       ; --             ;
; OPTIMIZE_POWER_DURING_FITTING         ; Off                                                                         ; Normal compilation             ; --                                       ; --             ;
; PARTITION_COLOR                       ; 16764057                                                                    ; --                             ; --                                       ; Top            ;
; PARTITION_FITTER_PRESERVATION_LEVEL   ; PLACEMENT_AND_ROUTING                                                       ; --                             ; --                                       ; Top            ;
; PARTITION_NETLIST_TYPE                ; SOURCE                                                                      ; --                             ; --                                       ; Top            ;
; PHYSICAL_SYNTHESIS_EFFORT             ; Fast                                                                        ; Normal                         ; --                                       ; --             ;
; PHYSICAL_SYNTHESIS_REGISTER_RETIMING  ; On                                                                          ; Off                            ; --                                       ; --             ;
; POWER_BOARD_THERMAL_MODEL             ; None (CONSERVATIVE)                                                         ; --                             ; --                                       ; --             ;
; POWER_PRESET_COOLING_SOLUTION         ; 23 MM HEAT SINK WITH 200 LFPM AIRFLOW                                       ; --                             ; --                                       ; --             ;
; SAVE_DISK_SPACE                       ; Off                                                                         ; On                             ; --                                       ; --             ;
; SEARCH_PATH                           ; Modules/                                                                    ; --                             ; --                                       ; --             ;
; SLD_FILE                              ; C:/ubc/cpen311_Jan_2017/ydevel00029_cpen311_lab5_de2/stp1_auto_stripped.stp ; --                             ; --                                       ; --             ;
; SLD_INFO                              ; QSYS_NAME DE2_QSYS HAS_SOPCINFO 1 GENERATION_ID 1491345169                  ; --                             ; DE2_QSYS                                 ; --             ;
; SOPCINFO_FILE                         ; DE2_QSYS/synthesis/../../DE2_QSYS.sopcinfo                                  ; --                             ; --                                       ; --             ;
; STATE_MACHINE_PROCESSING              ; User-Encoded                                                                ; Auto                           ; --                                       ; --             ;
; SYNCHRONIZER_IDENTIFICATION           ; Auto                                                                        ; Off                            ; --                                       ; --             ;
; SYNTHESIS_ONLY_QIP                    ; On                                                                          ; --                             ; --                                       ; --             ;
; SYNTH_PROTECT_SDC_CONSTRAINT          ; On                                                                          ; Off                            ; --                                       ; --             ;
; SYNTH_TIMING_DRIVEN_SYNTHESIS         ; On                                                                          ; Off                            ; --                                       ; --             ;
; TIMEQUEST_MULTICORNER_ANALYSIS        ; Off                                                                         ; On                             ; --                                       ; --             ;
; USE_SIGNALTAP_FILE                    ; stp1.stp                                                                    ; --                             ; --                                       ; --             ;
; VERILOG_INPUT_VERSION                 ; SystemVerilog_2005                                                          ; Verilog_2001                   ; --                                       ; --             ;
; VERILOG_MACRO                         ; SOFTWARE_IS_QUARTUS=<None>                                                  ; --                             ; --                                       ; --             ;
; VERILOG_NON_CONSTANT_LOOP_LIMIT       ; 5000                                                                        ; 250                            ; --                                       ; --             ;
; VERILOG_SHOW_LMF_MAPPING_MESSAGES     ; On                                                                          ; --                             ; --                                       ; --             ;
+---------------------------------------+-----------------------------------------------------------------------------+--------------------------------+------------------------------------------+----------------+


+-------------------------------------------------------------------------------------------------------------------------------+
; Flow Elapsed Time                                                                                                             ;
+---------------------------+--------------+-------------------------+---------------------+------------------------------------+
; Module Name               ; Elapsed Time ; Average Processors Used ; Peak Virtual Memory ; Total CPU Time (on all processors) ;
+---------------------------+--------------+-------------------------+---------------------+------------------------------------+
; Analysis & Synthesis      ; 00:04:21     ; 1.0                     ; 899 MB              ; 00:04:07                           ;
; I/O Assignment Analysis   ; 00:00:25     ; 1.0                     ; 620 MB              ; 00:00:23                           ;
; Fitter                    ; 00:04:49     ; 1.0                     ; 930 MB              ; 00:04:48                           ;
; Assembler                 ; 00:00:05     ; 1.0                     ; 499 MB              ; 00:00:05                           ;
; TimeQuest Timing Analyzer ; 00:00:11     ; 1.0                     ; 627 MB              ; 00:00:09                           ;
; Total                     ; 00:09:51     ; --                      ; --                  ; 00:09:32                           ;
+---------------------------+--------------+-------------------------+---------------------+------------------------------------+


+----------------------------------------------------------------------------------------+
; Flow OS Summary                                                                        ;
+---------------------------+------------------+-----------+------------+----------------+
; Module Name               ; Machine Hostname ; OS Name   ; OS Version ; Processor type ;
+---------------------------+------------------+-----------+------------+----------------+
; Analysis & Synthesis      ; cakebaby         ; Windows 7 ; 6.2        ; x86_64         ;
; I/O Assignment Analysis   ; cakebaby         ; Windows 7 ; 6.2        ; x86_64         ;
; Fitter                    ; cakebaby         ; Windows 7 ; 6.2        ; x86_64         ;
; Assembler                 ; cakebaby         ; Windows 7 ; 6.2        ; x86_64         ;
; TimeQuest Timing Analyzer ; cakebaby         ; Windows 7 ; 6.2        ; x86_64         ;
+---------------------------+------------------+-----------+------------+----------------+


------------
; Flow Log ;
------------
quartus_map --read_settings_files=on --write_settings_files=off dds_and_nios_lab -c dds_and_nios_lab
quartus_fit --read_settings_files=off --write_settings_files=off dds_and_nios_lab -c dds_and_nios_lab --check_ios
quartus_fit --read_settings_files=off --write_settings_files=off dds_and_nios_lab -c dds_and_nios_lab
quartus_asm --read_settings_files=off --write_settings_files=off dds_and_nios_lab -c dds_and_nios_lab
quartus_sta dds_and_nios_lab -c dds_and_nios_lab



