Flow report for simple_ipod_solution
Tue Feb 28 18:13:20 2017
Quartus II 64-Bit Version 13.0.1 Build 232 06/12/2013 Service Pack 1 SJ Web Edition


---------------------
; Table of Contents ;
---------------------
  1. Legal Notice
  2. Flow Summary
  3. Flow Settings
  4. Flow Non-Default Global Settings
  5. Flow Elapsed Time
  6. Flow OS Summary
  7. Flow Log
  8. Flow Messages
  9. Flow Suppressed Messages



----------------
; Legal Notice ;
----------------
Copyright (C) 1991-2013 Altera Corporation
Your use of Altera Corporation's design tools, logic functions 
and other software and tools, and its AMPP partner logic 
functions, and any output files from any of the foregoing 
(including device programming or simulation files), and any 
associated documentation or information are expressly subject 
to the terms and conditions of the Altera Program License 
Subscription Agreement, Altera MegaCore Function License 
Agreement, or other applicable license agreement, including, 
without limitation, that your use is for the sole purpose of 
programming logic devices manufactured by Altera and sold by 
Altera or its authorized distributors.  Please refer to the 
applicable agreement for further details.



+--------------------------------------------------------------------------------------+
; Flow Summary                                                                         ;
+------------------------------------+-------------------------------------------------+
; Flow Status                        ; Successful - Tue Feb 28 18:13:20 2017           ;
; Quartus II 64-Bit Version          ; 13.0.1 Build 232 06/12/2013 SP 1 SJ Web Edition ;
; Revision Name                      ; simple_ipod_solution                            ;
; Top-level Entity Name              ; simple_ipod_solution                            ;
; Family                             ; Cyclone II                                      ;
; Device                             ; EP2C35F672C6                                    ;
; Timing Models                      ; Final                                           ;
; Total logic elements               ; 5,653 / 33,216 ( 17 % )                         ;
;     Total combinational functions  ; 5,476 / 33,216 ( 16 % )                         ;
;     Dedicated logic registers      ; 2,741 / 33,216 ( 8 % )                          ;
; Total registers                    ; 2741                                            ;
; Total pins                         ; 319 / 475 ( 67 % )                              ;
; Total virtual pins                 ; 0                                               ;
; Total memory bits                  ; 18,432 / 483,840 ( 4 % )                        ;
; Embedded Multiplier 9-bit elements ; 0 / 70 ( 0 % )                                  ;
; Total PLLs                         ; 0 / 4 ( 0 % )                                   ;
+------------------------------------+-------------------------------------------------+


+------------------------------------------+
; Flow Settings                            ;
+-------------------+----------------------+
; Option            ; Setting              ;
+-------------------+----------------------+
; Start date & time ; 02/28/2017 18:11:28  ;
; Main task         ; Compilation          ;
; Revision Name     ; simple_ipod_solution ;
+-------------------+----------------------+


+-----------------------------------------------------------------------------------------------------------------------------------------------+
; Flow Non-Default Global Settings                                                                                                              ;
+---------------------------------------+---------------------------------------+--------------------------------+-------------+----------------+
; Assignment Name                       ; Value                                 ; Default Value                  ; Entity Name ; Section Id     ;
+---------------------------------------+---------------------------------------+--------------------------------+-------------+----------------+
; ALLOW_POWER_UP_DONT_CARE              ; Off                                   ; On                             ; --          ; --             ;
; AUTO_CLOCK_ENABLE_RECOGNITION         ; Off                                   ; On                             ; --          ; --             ;
; AUTO_RAM_RECOGNITION                  ; Off                                   ; On                             ; --          ; --             ;
; AUTO_ROM_RECOGNITION                  ; Off                                   ; On                             ; --          ; --             ;
; COMPILER_SIGNATURE_ID                 ; 13795393179595.148833428711372        ; --                             ; --          ; --             ;
; DRC_DETAIL_MESSAGE_LIMIT              ; 3000                                  ; 10                             ; --          ; --             ;
; DRC_VIOLATION_MESSAGE_LIMIT           ; 3000                                  ; 30                             ; --          ; --             ;
; EDA_OUTPUT_DATA_FORMAT                ; Verilog Hdl                           ; --                             ; --          ; eda_simulation ;
; EDA_SIMULATION_TOOL                   ; ModelSim-Altera (Verilog)             ; <None>                         ; --          ; --             ;
; ENABLE_IP_DEBUG                       ; On                                    ; Off                            ; --          ; --             ;
; EXTRACT_VERILOG_STATE_MACHINES        ; Off                                   ; On                             ; --          ; --             ;
; EXTRACT_VHDL_STATE_MACHINES           ; Off                                   ; On                             ; --          ; --             ;
; FITTER_EFFORT                         ; Standard Fit                          ; Auto Fit                       ; --          ; --             ;
; FIT_ONLY_ONE_ATTEMPT                  ; On                                    ; Off                            ; --          ; --             ;
; FLOW_ENABLE_IO_ASSIGNMENT_ANALYSIS    ; On                                    ; Off                            ; --          ; --             ;
; FLOW_ENABLE_RTL_VIEWER                ; On                                    ; Off                            ; --          ; --             ;
; MAX_CORE_JUNCTION_TEMP                ; 85                                    ; --                             ; --          ; --             ;
; MIN_CORE_JUNCTION_TEMP                ; 0                                     ; --                             ; --          ; --             ;
; NUMBER_OF_INVERTED_REGISTERS_REPORTED ; 1000                                  ; 100                            ; --          ; --             ;
; OPTIMIZE_HOLD_TIMING                  ; All Paths                             ; IO Paths and Minimum TPD Paths ; --          ; --             ;
; OPTIMIZE_POWER_DURING_FITTING         ; Off                                   ; Normal compilation             ; --          ; --             ;
; PARTITION_COLOR                       ; 16764057                              ; --                             ; --          ; Top            ;
; PARTITION_FITTER_PRESERVATION_LEVEL   ; PLACEMENT_AND_ROUTING                 ; --                             ; --          ; Top            ;
; PARTITION_NETLIST_TYPE                ; SOURCE                                ; --                             ; --          ; Top            ;
; PHYSICAL_SYNTHESIS_EFFORT             ; Fast                                  ; Normal                         ; --          ; --             ;
; PHYSICAL_SYNTHESIS_REGISTER_RETIMING  ; On                                    ; Off                            ; --          ; --             ;
; POWER_BOARD_THERMAL_MODEL             ; None (CONSERVATIVE)                   ; --                             ; --          ; --             ;
; POWER_PRESET_COOLING_SOLUTION         ; 23 MM HEAT SINK WITH 200 LFPM AIRFLOW ; --                             ; --          ; --             ;
; SAVE_DISK_SPACE                       ; Off                                   ; On                             ; --          ; --             ;
; SEARCH_PATH                           ; .                                     ; --                             ; --          ; --             ;
; STATE_MACHINE_PROCESSING              ; User-Encoded                          ; Auto                           ; --          ; --             ;
; SYNCHRONIZER_IDENTIFICATION           ; Auto                                  ; Off                            ; --          ; --             ;
; SYNTH_PROTECT_SDC_CONSTRAINT          ; On                                    ; Off                            ; --          ; --             ;
; SYNTH_TIMING_DRIVEN_SYNTHESIS         ; On                                    ; Off                            ; --          ; --             ;
; TIMEQUEST_MULTICORNER_ANALYSIS        ; Off                                   ; On                             ; --          ; --             ;
; VERILOG_INPUT_VERSION                 ; SystemVerilog_2005                    ; Verilog_2001                   ; --          ; --             ;
; VERILOG_MACRO                         ; SOFTWARE_IS_QUARTUS=<None>            ; --                             ; --          ; --             ;
; VERILOG_NON_CONSTANT_LOOP_LIMIT       ; 5000                                  ; 250                            ; --          ; --             ;
; VERILOG_SHOW_LMF_MAPPING_MESSAGES     ; On                                    ; --                             ; --          ; --             ;
+---------------------------------------+---------------------------------------+--------------------------------+-------------+----------------+


+-------------------------------------------------------------------------------------------------------------------------------+
; Flow Elapsed Time                                                                                                             ;
+---------------------------+--------------+-------------------------+---------------------+------------------------------------+
; Module Name               ; Elapsed Time ; Average Processors Used ; Peak Virtual Memory ; Total CPU Time (on all processors) ;
+---------------------------+--------------+-------------------------+---------------------+------------------------------------+
; Analysis & Synthesis      ; 00:00:18     ; 1.0                     ; 489 MB              ; 00:00:17                           ;
; I/O Assignment Analysis   ; 00:00:05     ; 1.0                     ; 574 MB              ; 00:00:06                           ;
; Fitter                    ; 00:01:04     ; 1.0                     ; 746 MB              ; 00:01:01                           ;
; Assembler                 ; 00:00:02     ; 1.0                     ; 444 MB              ; 00:00:03                           ;
; TimeQuest Timing Analyzer ; 00:00:04     ; 1.0                     ; 474 MB              ; 00:00:03                           ;
; EDA Netlist Writer        ; 00:00:05     ; 1.0                     ; 441 MB              ; 00:00:04                           ;
; Total                     ; 00:01:38     ; --                      ; --                  ; 00:01:34                           ;
+---------------------------+--------------+-------------------------+---------------------+------------------------------------+


+----------------------------------------------------------------------------------------+
; Flow OS Summary                                                                        ;
+---------------------------+------------------+-----------+------------+----------------+
; Module Name               ; Machine Hostname ; OS Name   ; OS Version ; Processor type ;
+---------------------------+------------------+-----------+------------+----------------+
; Analysis & Synthesis      ; cakebaby         ; Windows 7 ; 6.2        ; x86_64         ;
; I/O Assignment Analysis   ; cakebaby         ; Windows 7 ; 6.2        ; x86_64         ;
; Fitter                    ; cakebaby         ; Windows 7 ; 6.2        ; x86_64         ;
; Assembler                 ; cakebaby         ; Windows 7 ; 6.2        ; x86_64         ;
; TimeQuest Timing Analyzer ; cakebaby         ; Windows 7 ; 6.2        ; x86_64         ;
; EDA Netlist Writer        ; cakebaby         ; Windows 7 ; 6.2        ; x86_64         ;
+---------------------------+------------------+-----------+------------+----------------+


------------
; Flow Log ;
------------
quartus_map --read_settings_files=on --write_settings_files=off simple_ipod_solution -c simple_ipod_solution
quartus_fit --read_settings_files=off --write_settings_files=off simple_ipod_solution -c simple_ipod_solution --check_ios
quartus_fit --read_settings_files=off --write_settings_files=off simple_ipod_solution -c simple_ipod_solution
quartus_asm --read_settings_files=off --write_settings_files=off simple_ipod_solution -c simple_ipod_solution
quartus_sta simple_ipod_solution -c simple_ipod_solution
quartus_eda --read_settings_files=off --write_settings_files=off simple_ipod_solution -c simple_ipod_solution



